--2021-06-05 15:51:33--  https://covid.ourworldindata.org/data/owid-covid-data.csv
Auflösen des Hostnamens covid.ourworldindata.org (covid.ourworldindata.org) … 104.21.233.138, 104.21.233.137, 2606:4700:3038::6815:e98a, ...
Verbindungsaufbau zu covid.ourworldindata.org (covid.ourworldindata.org)|104.21.233.138|:443 … verbunden.
HTTP-Anforderung gesendet, auf Antwort wird gewartet … 200 OK
Länge: nicht spezifiziert [text/csv]
Wird in »OWID.csv« gespeichert.

     0K .......... .......... .......... .......... .......... 2,73M
    50K .......... .......... .......... .......... .......... 3,28M
   100K .......... .......... .......... .......... .......... 8,12M
   150K .......... .......... .......... .......... .......... 6,27M
   200K .......... .......... .......... .......... .......... 8,45M
   250K .......... .......... .......... .......... .......... 8,80M
   300K .......... .......... .......... .......... .......... 14,2M
   350K .......... .......... .......... .......... .......... 13,3M
   400K .......... .......... .......... .......... .......... 17,5M
   450K .......... .......... .......... .......... .......... 12,1M
   500K .......... .......... .......... .......... .......... 18,6M
   550K .......... .......... .......... .......... .......... 24,0M
   600K .......... .......... .......... .......... .......... 30,0M
   650K .......... .......... .......... .......... .......... 5,77M
   700K .......... .......... .......... .......... .......... 45,1M
   750K .......... .......... .......... .......... .......... 19,3M
   800K .......... .......... .......... .......... .......... 31,4M
   850K .......... .......... .......... .......... .......... 28,7M
   900K .......... .......... .......... .......... .......... 25,5M
   950K .......... .......... .......... .......... ..........  178M
  1000K .......... .......... .......... .......... .......... 8,99M
  1050K .......... .......... .......... .......... ..........  235M
  1100K .......... .......... .......... .......... ..........  238M
  1150K .......... .......... .......... .......... .......... 29,6M
  1200K .......... .......... .......... .......... .......... 7,67M
  1250K .......... .......... .......... .......... ..........  206M
  1300K .......... .......... .......... .......... ..........  256M
  1350K .......... .......... .......... .......... ..........  268M
  1400K .......... .......... .......... .......... .......... 30,7M
  1450K .......... .......... .......... .......... .......... 28,4M
  1500K .......... .......... .......... .......... .......... 18,4M
  1550K .......... .......... .......... .......... ..........  227M
  1600K .......... .......... .......... .......... ..........  341M
  1650K .......... .......... .......... .......... .......... 10,5M
  1700K .......... .......... .......... .......... ..........  223M
  1750K .......... .......... .......... .......... ..........  187M
  1800K .......... .......... .......... .......... .......... 14,6M
  1850K .......... .......... .......... .......... ..........  182M
  1900K .......... .......... .......... .......... ..........  202M
  1950K .......... .......... .......... .......... .......... 22,5M
  2000K .......... .......... .......... .......... .......... 28,1M
  2050K .......... .......... .......... .......... .......... 12,1M
  2100K .......... .......... .......... .......... ..........  185M
  2150K .......... .......... .......... .......... ..........  248M
  2200K .......... .......... .......... .......... .......... 21,5M
  2250K .......... .......... .......... .......... .......... 21,0M
  2300K .......... .......... .......... .......... ..........  109M
  2350K .......... .......... .......... .......... .......... 20,5M
  2400K .......... .......... .......... .......... .......... 75,1M
  2450K .......... .......... .......... .......... ..........  135M
  2500K .......... .......... .......... .......... .......... 21,3M
  2550K .......... .......... .......... .......... .......... 25,8M
  2600K .......... .......... .......... .......... ..........  255M
  2650K .......... .......... .......... .......... ..........  260M
  2700K .......... .......... .......... .......... .......... 28,5M
  2750K .......... .......... .......... .......... .......... 21,5M
  2800K .......... .......... .......... .......... .......... 16,4M
  2850K .......... .......... .......... .......... ..........  142M
  2900K .......... .......... .......... .......... .......... 27,6M
  2950K .......... .......... .......... .......... .......... 19,9M
  3000K .......... .......... .......... .......... ..........  124M
  3050K .......... .......... .......... .......... ..........  138M
  3100K .......... .......... .......... .......... .......... 75,7M
  3150K .......... .......... .......... .......... .......... 19,4M
  3200K .......... .......... .......... .......... .......... 26,8M
  3250K .......... .......... .......... .......... .......... 26,3M
  3300K .......... .......... .......... .......... ..........  183M
  3350K .......... .......... .......... .......... .......... 40,4M
  3400K .......... .......... .......... .......... .......... 15,1M
  3450K .......... .......... .......... .......... .......... 25,1M
  3500K .......... .......... .......... .......... .......... 71,1M
  3550K .......... .......... .......... .......... ..........  101M
  3600K .......... .......... .......... .......... .......... 50,0M
  3650K .......... .......... .......... .......... .......... 12,2M
  3700K .......... .......... .......... .......... ..........  157M
  3750K .......... .......... .......... .......... ..........  197M
  3800K .......... .......... .......... .......... .......... 27,0M
  3850K .......... .......... .......... .......... ..........  192M
  3900K .......... .......... .......... .......... .......... 14,4M
  3950K .......... .......... .......... .......... ..........  205M
  4000K .......... .......... .......... .......... ..........  196M
  4050K .......... .......... .......... .......... .......... 11,0M
  4100K .......... .......... .......... .......... ..........  111M
  4150K .......... .......... .......... .......... ..........  110M
  4200K .......... .......... .......... .......... .......... 19,3M
  4250K .......... .......... .......... .......... ..........  165M
  4300K .......... .......... .......... .......... ..........  142M
  4350K .......... .......... .......... .......... .......... 32,1M
  4400K .......... .......... .......... .......... ..........  204M
  4450K .......... .......... .......... .......... .......... 13,6M
  4500K .......... .......... .......... .......... ..........  238M
  4550K .......... .......... .......... .......... .......... 26,0M
  4600K .......... .......... .......... .......... ..........  191M
  4650K .......... .......... .......... .......... .......... 5,61M
  4700K .......... .......... .......... .......... ..........  142M
  4750K .......... .......... .......... .......... ..........  113M
  4800K .......... .......... .......... .......... .......... 54,3M
  4850K .......... .......... .......... .......... ..........  158M
  4900K .......... .......... .......... .......... .......... 22,7M
  4950K .......... .......... .......... .......... .......... 25,5M
  5000K .......... .......... .......... .......... ..........  267M
  5050K .......... .......... .......... .......... .......... 22,4M
  5100K .......... .......... .......... .......... ..........  243M
  5150K .......... .......... .......... .......... .......... 32,8M
  5200K .......... .......... .......... .......... .......... 9,50M
  5250K .......... .......... .......... .......... ..........  121M
  5300K .......... .......... .......... .......... ..........  189M
  5350K .......... .......... .......... .......... .......... 15,9M
  5400K .......... .......... .......... .......... ..........  192M
  5450K .......... .......... .......... .......... .......... 8,89M
  5500K .......... .......... .......... .......... ..........  191M
  5550K .......... .......... .......... .......... .......... 11,4M
  5600K .......... .......... .......... .......... .......... 99,2M
  5650K .......... .......... .......... .......... .......... 98,4M
  5700K .......... .......... .......... .......... ..........  102M
  5750K .......... .......... .......... .......... .......... 83,0M
  5800K .......... .......... .......... .......... .......... 28,0M
  5850K .......... .......... .......... .......... ..........  150M
  5900K .......... .......... .......... .......... .......... 29,0M
  5950K .......... .......... .......... .......... .......... 17,3M
  6000K .......... .......... .......... .......... ..........  244M
  6050K .......... .......... .......... .......... .......... 28,1M
  6100K .......... .......... .......... .......... .......... 21,0M
  6150K .......... .......... .......... .......... .......... 32,7M
  6200K .......... .......... .......... .......... .......... 18,1M
  6250K .......... .......... .......... .......... .......... 95,2M
  6300K .......... .......... .......... .......... .......... 31,3M
  6350K .......... .......... .......... .......... .......... 13,2M
  6400K .......... .......... .......... .......... ..........  177M
  6450K .......... .......... .......... .......... ..........  227M
  6500K .......... .......... .......... .......... .......... 1,73M
  6550K .......... .......... .......... .......... .......... 26,1M
  6600K .......... .......... .......... .......... .......... 15,5M
  6650K .......... .......... .......... .......... .......... 15,8M
  6700K .......... .......... .......... .......... .......... 26,5M
  6750K .......... .......... .......... .......... .......... 22,4M
  6800K .......... .......... .......... .......... .......... 23,3M
  6850K .......... .......... .......... .......... .......... 9,25M
  6900K .......... .......... .......... .......... .......... 27,1M
  6950K .......... .......... .......... .......... .......... 25,1M
  7000K .......... .......... .......... .......... .......... 29,4M
  7050K .......... .......... .......... .......... .......... 14,7M
  7100K .......... .......... .......... .......... .......... 25,6M
  7150K .......... .......... .......... .......... .......... 23,4M
  7200K .......... .......... .......... .......... .......... 24,3M
  7250K .......... .......... .......... .......... .......... 17,8M
  7300K .......... .......... .......... .......... .......... 26,8M
  7350K .......... .......... .......... .......... .......... 20,3M
  7400K .......... .......... .......... .......... .......... 11,8M
  7450K .......... .......... .......... .......... .......... 96,4M
  7500K .......... .......... .......... .......... .......... 27,0M
  7550K .......... .......... .......... .......... .......... 24,1M
  7600K .......... .......... .......... .......... .......... 12,5M
  7650K .......... .......... .......... .......... .......... 27,1M
  7700K .......... .......... .......... .......... .......... 25,3M
  7750K .......... .......... .......... .......... .......... 24,8M
  7800K .......... .......... .......... .......... .......... 19,2M
  7850K .......... .......... .......... .......... .......... 25,4M
  7900K .......... .......... .......... .......... .......... 24,2M
  7950K .......... .......... .......... .......... .......... 26,3M
  8000K .......... .......... .......... .......... .......... 15,7M
  8050K .......... .......... .......... .......... .......... 25,7M
  8100K .......... .......... .......... .......... .......... 20,8M
  8150K .......... .......... .......... .......... .......... 31,3M
  8200K .......... .......... .......... .......... .......... 18,0M
  8250K .......... .......... .......... .......... .......... 24,0M
  8300K .......... .......... .......... .......... .......... 15,2M
  8350K .......... .......... .......... .......... .......... 26,5M
  8400K .......... .......... .......... .......... .......... 25,1M
  8450K .......... .......... .......... .......... .......... 23,6M
  8500K .......... .......... .......... .......... .......... 22,3M
  8550K .......... .......... .......... .......... .......... 12,7M
  8600K .......... .......... .......... .......... .......... 26,3M
  8650K .......... .......... .......... .......... .......... 19,0M
  8700K .......... .......... .......... .......... .......... 25,8M
  8750K .......... .......... .......... .......... .......... 23,9M
  8800K .......... .......... .......... .......... .......... 26,9M
  8850K .......... .......... .......... .......... .......... 17,0M
  8900K .......... .......... .......... .......... .......... 26,5M
  8950K .......... .......... .......... .......... .......... 22,5M
  9000K .......... .......... .......... .......... .......... 24,6M
  9050K .......... .......... .......... .......... .......... 9,37M
  9100K .......... .......... .......... .......... .......... 25,1M
  9150K .......... .......... .......... .......... .......... 22,9M
  9200K .......... .......... .......... .......... .......... 29,2M
  9250K .......... .......... .......... .......... .......... 14,4M
  9300K .......... .......... .......... .......... .......... 27,4M
  9350K .......... .......... .......... .......... .......... 12,4M
  9400K .......... .......... .......... .......... .......... 26,7M
  9450K .......... .......... .......... .......... .......... 22,8M
  9500K .......... .......... .......... .......... .......... 25,8M
  9550K .......... .......... .......... .......... .......... 17,6M
  9600K .......... .......... .......... .......... .......... 24,4M
  9650K .......... .......... .......... .......... .......... 24,8M
  9700K .......... .......... .......... .......... .......... 27,6M
  9750K .......... .......... .......... .......... .......... 18,8M
  9800K .......... .......... .......... .......... .......... 27,9M
  9850K .......... .......... .......... .......... .......... 23,6M
  9900K .......... .......... .......... .......... .......... 25,3M
  9950K .......... .......... .......... .......... .......... 15,4M
 10000K .......... .......... .......... .......... .......... 26,5M
 10050K .......... .......... .......... .......... .......... 24,8M
 10100K .......... .......... .......... .......... .......... 11,9M
 10150K .......... .......... .......... .......... .......... 26,2M
 10200K .......... .......... .......... .......... .......... 24,8M
 10250K .......... .......... .......... .......... .......... 22,2M
 10300K .......... .......... .......... .......... .......... 18,4M
 10350K .......... .......... .......... .......... .......... 27,2M
 10400K .......... .......... .......... .......... .......... 22,1M
 10450K .......... .......... .......... .......... .......... 31,1M
 10500K .......... .......... .......... .......... .......... 14,3M
 10550K .......... .......... .......... .......... .......... 27,3M
 10600K .......... .......... .......... .......... .......... 23,8M
 10650K .......... .......... .......... .......... .......... 25,2M
 10700K .......... .......... .......... .......... .......... 19,8M
 10750K .......... .......... .......... .......... .......... 23,8M
 10800K .......... .......... .......... .......... .......... 24,2M
 10850K .......... .......... .......... .......... .......... 30,1M
 10900K .......... .......... .......... .......... .......... 14,7M
 10950K .......... .......... .......... .......... .......... 22,7M
 11000K .......... .......... .......... .......... .......... 24,9M
 11050K .......... .......... .......... .......... .......... 14,7M
 11100K .......... .......... .......... .......... .......... 15,2M
 11150K .......... .......... .......... .......... ..........  114M
 11200K .......... .......... .......... .......... .......... 23,7M
 11250K .......... .......... .......... .......... .......... 12,8M
 11300K .......... .......... .......... .......... .......... 23,1M
 11350K .......... .......... .......... .......... .......... 17,8M
 11400K .......... .......... .......... .......... .......... 20,8M
 11450K .......... .......... .......... .......... .......... 19,4M
 11500K .......... .......... .......... .......... .......... 24,0M
 11550K .......... .......... .......... .......... .......... 20,4M
 11600K .......... .......... .......... .......... .......... 15,3M
 11650K .......... .......... .......... .......... .......... 21,2M
 11700K .......... .......... .......... .......... .......... 19,2M
 11750K .......... .......... .......... .......... .......... 22,1M
 11800K .......... .......... .......... .......... .......... 17,6M
 11850K .......... .......... .......... .......... .......... 23,4M
 11900K .......... .......... .......... .......... .......... 21,9M
 11950K .......... .......... .......... .......... .......... 14,5M
 12000K .......... .......... .......... .......... ..........  115M
 12050K .......... .......... .......... .......... .......... 13,9M
 12100K .......... .......... .......... .......... .......... 23,0M
 12150K .......... .......... .......... .......... .......... 22,8M
 12200K .......... .......... .......... .......... .......... 36,5M
 12250K .......... .......... .......... .......... .......... 10,8M
 12300K .......... .......... .......... .......... ..........  137M
 12350K .......... .......... .......... .......... .......... 24,6M
 12400K .......... .......... .......... .......... .......... 12,2M
 12450K .......... .......... .......... .......... .......... 23,6M
 12500K .......... .......... .......... .......... .......... 25,5M
 12550K .......... .......... .......... .......... .......... 28,7M
 12600K .......... .......... .......... .......... .......... 19,8M
 12650K .......... .......... .......... .......... .......... 27,4M
 12700K .......... .......... .......... .......... .......... 16,5M
 12750K .......... .......... .......... .......... .......... 23,8M
 12800K .......... .......... .......... .......... .......... 23,7M
 12850K .......... .......... .......... .......... .......... 31,5M
 12900K .......... .......... .......... .......... .......... 12,7M
 12950K .......... .......... .......... .......... .......... 26,5M
 13000K .......... .......... .......... .......... .......... 20,5M
 13050K .......... .......... .......... .......... .......... 25,3M
 13100K .......... .......... .......... .......... .......... 30,4M
 13150K .......... .......... .......... .......... .......... 15,2M
 13200K .......... .......... .......... .......... .......... 24,8M
 13250K .......... .......... .......... .......... ..........  131M
 13300K .......... .......... .......... .......... .......... 24,7M
 13350K .......... .......... .......... .......... .......... 29,5M
 13400K .......... .......... .......... .......... .......... 9,37M
 13450K .......... .......... .......... .......... .......... 26,1M
 13500K .......... .......... .......... .......... .......... 22,9M
 13550K .......... .......... .......... .......... .......... 32,0M
 13600K .......... .......... .......... .......... .......... 19,1M
 13650K .......... .......... .......... .......... .......... 29,6M
 13700K .......... .......... .......... .......... .......... 22,8M
 13750K .......... .......... .......... .......... .......... 30,2M
 13800K .......... .......... .......... .......... .......... 17,3M
 13850K .......... .......... .......... .......... .......... 15,5M
 13900K .......... .......... .......... .......... .......... 27,6M
 13950K .......... .......... .......... .......... .......... 21,3M
 14000K .......... .......... .......... .......... .......... 27,1M
 14050K .......... .......... .......... .......... .......... 18,3M
 14100K .......... .......... .......... .......... .......... 27,1M
 14150K .......... .......... .......... .......... ..........  115M
 14200K .......... .......... .......... .......... .......... 23,3M
 14250K .......... .......... .......... .......... .......... 31,4M
 14300K .......... .......... .......... .......... .......... 18,9M
 14350K .......... .......... .......... .......... .......... 23,0M
 14400K .......... .......... .......... .......... .......... 27,7M
 14450K .......... .......... .......... .......... .......... 25,7M
 14500K .......... .......... .......... .......... .......... 17,1M
 14550K .......... .......... .......... .......... .......... 26,4M
 14600K .......... .......... .......... .......... .......... 26,9M
 14650K .......... .......... .......... .......... .......... 25,7M
 14700K .......... .......... .......... .......... .......... 18,9M
 14750K .......... .......... .......... .......... .......... 27,9M
 14800K .......... .......... .......... .......... .......... 20,4M
 14850K .......... .......... .......... .......... ..........  221M
 14900K .......... .......... .......... .......... .......... 11,9M
 14950K .......... .......... .......... .......... ..........  277M
 15000K .......... .......... .......... .......... .......... 23,2M
 15050K .......... .......... .......... .......... .......... 23,6M
 15100K .......... .......... .......... .......... .......... 11,8M
 15150K .......... .......... .......... .......... ..........  219M
 15200K .......... .......... .......... .......... .......... 26,4M
 15250K .......... .......... .......... .......... .......... 22,6M
 15300K .......... .......... .......... .......... .......... 25,3M
 15350K .......... .......... .......... .......... .......... 16,7M
 15400K .......... .......... .......... .......... .......... 24,6M
 15450K .......... .......... .......... .......... .......... 30,6M
 15500K .......... .......... .......... .......... .......... 26,4M
 15550K .......... .......... .......... .......... .......... 19,2M
 15600K .......... .......... .......... .......... .......... 23,5M
 15650K .......... .......... .......... .......... .......... 26,9M
 15700K .......... .......... .......... .......... ..........  101M
 15750K .......... .......... .......... .......... .......... 11,2M
 15800K .......... .......... .......... .......... .......... 18,3M
 15850K .......... .......... .......... .......... .......... 23,9M
 15900K .......... .......... .......... .......... ..........  128M
 15950K .......... .......... .......... .......... .......... 20,4M
 16000K .......... .......... .......... .......... .......... 17,3M
 16050K .......... .......... .......... .......... .......... 25,6M
 16100K .......... .......... .......... .......... .......... 16,7M
 16150K .......... .......... .......... .......... .......... 26,2M
 16200K .......... .......... .......... .......... .......... 17,4M
 16250K .......... .......... .......... .......... ..........  147M
 16300K .......... .......... .......... .......... .......... 23,9M
 16350K .......... .......... .......... .......... .......... 12,4M
 16400K .......... .......... .......... .......... .......... 25,9M
 16450K .......... .......... .......... .......... .......... 18,7M
 16500K .......... .......... .......... .......... .......... 24,5M
 16550K .......... .......... .......... .......... .......... 18,9M
 16600K .......... .......... .......... .......... .......... 22,2M
 16650K .......... .......... .......... .......... ..........  112M
 16700K .......... .......... .......... .......... .......... 19,2M
 16750K .......... .......... .......... .......... .......... 17,8M
 16800K .......... .......... .......... .......... .......... 21,0M
 16850K .......... .......... .......... .......... .......... 22,4M
 16900K .......... .......... .......... .......... .......... 31,7M
 16950K .......... .......... .......... .......... .......... 7,66M
 17000K .......... .......... .......... .......... .......... 23,3M
 17050K .......... .......... .......... .......... .......... 24,6M
 17100K .......... .......... .......... .......... .......... 47,2M
 17150K .......... .......... .......... .......... .......... 10,8M
 17200K .......... .......... .......... .......... .......... 26,8M
 17250K .......... .......... .......... .......... .......... 23,5M
 17300K .......... .......... .......... .......... .......... 26,9M
 17350K .......... .......... .......... .......... .......... 21,1M
 17400K .......... .......... .......... .......... .......... 58,1M
 17450K .......... .......... .......... .......... .......... 20,4M
 17500K .......... .......... .......... .......... .......... 24,4M
 17550K .......... .......... .......... .......... .......... 26,3M
 17600K .......... .......... .......... .......... .......... 31,7M
 17650K .......... .......... .......... .......... .......... 19,1M
 17700K .......... .......... .......... .......... .......... 23,4M
 17750K .......... .......... .......... .......... .......... 23,7M
 17800K .......... .......... .......... .......... .......... 31,2M
 17850K .......... .......... .......... .......... .......... 20,7M
 17900K .......... .......... .......... .......... .......... 22,8M
 17950K .......... .......... .......... .......... .......... 25,0M
 18000K .......... .......... .......... .......... .......... 26,8M
 18050K .......... .......... .......... .......... .......... 9,65M
 18100K .......... .......... .......... .......... .......... 24,7M
 18150K .......... .......... .......... .......... ..........  146M
 18200K .......... .......... .......... .......... .......... 21,2M
 18250K .......... .......... .......... .......... .......... 11,7M
 18300K .......... .......... .......... .......... ..........  102M
 18350K .......... .......... .......... .......... .......... 24,6M
 18400K .......... .......... .......... .......... .......... 23,8M
 18450K .......... .......... .......... .......... .......... 34,2M
 18500K .......... .......... .......... .......... .......... 13,6M
 18550K .......... .......... .......... .......... .......... 25,8M
 18600K .......... .......... .......... .......... .......... 29,3M
 18650K .......... .......... .......... .......... .......... 17,4M
 18700K .......... .......... .......... .......... .......... 26,1M
 18750K .......... .......... .......... .......... .......... 26,3M
 18800K .......... .......... .......... .......... .......... 96,4M
 18850K .......... .......... .......... .......... .......... 11,8M
 18900K .......... .......... .......... .......... .......... 26,0M
 18950K .......... .......... .......... .......... ..........  127M
 19000K .......... .......... .......... .......... .......... 26,9M
 19050K .......... .......... .......... .......... .......... 25,8M
 19100K .......... .......... .......... .......... .......... 20,1M
 19150K .......... .......... .......... .......... .......... 26,1M
 19200K .......... .......... .......... .......... .......... 21,7M
 19250K .......... .......... .......... .......... .......... 25,2M
 19300K .......... .......... .......... .......... .......... 19,0M
 19350K .......... .......... .......... .......... .......... 27,9M
 19400K .......... .......... .......... .......... .......... 24,8M
 19450K .......... .......... .......... .......... .......... 25,3M
 19500K .......... .......... .......... .......... .......... 43,6M
 19550K .......... .......... .......... .......... .......... 18,8M
 19600K .......... .......... .......... .......... .......... 26,4M
 19650K .......... .......... .......... .......... .......... 24,6M
 19700K .......... .......... .......... .......... .......... 24,0M
 19750K .......... .......... .......... .......... .......... 19,8M
 19800K .......... .......... .......... .......... .......... 23,4M
 19850K .......... .......... .......... .......... .......... 23,7M
 19900K .......... .......... .......... .......... .......... 38,1M
 19950K .......... .......... .......... .......... .......... 15,9M
 20000K .......... .......... .......... .......... .......... 23,1M
 20050K .......... .......... .......... .......... .......... 28,4M
 20100K .......... .......... .......... .......... .......... 26,2M
 20150K .......... .......... .......... .......... .......... 19,9M
 20200K .......... .......... .......... .......... .......... 25,4M
 20250K .......... .......... .......... .......... ..........  152M
 20300K .......... .......... .......... .......... .......... 15,2M
 20350K .......... .......... .......... .......... .......... 20,1M
 20400K .......... .......... .......... .......... .......... 23,9M
 20450K .......... .......... .......... .......... ..........  111M
 20500K .......... .......... .......... .......... .......... 23,9M
 20550K .......... .......... .......... .......... .......... 29,0M
 20600K .......... .......... .......... .......... .......... 13,5M
 20650K .......... .......... .......... .......... .......... 28,4M
 20700K .......... .......... .......... .......... ..........  130M
 20750K .......... .......... .......... .......... .......... 25,2M
 20800K .......... .......... .......... .......... .......... 31,4M
 20850K .......... .......... .......... .......... .......... 23,2M
 20900K .......... .......... .......... .......... ..........  147M
 20950K .......... .......... .......... .......... .......... 23,3M
 21000K .......... .......... .......... .......... .......... 23,0M
 21050K .......... .......... .......... .......... ..........  175M
 21100K .......... .......... .......... .......... .......... 28,7M
 21150K .......... .......... .......... .......... .......... 22,8M
 21200K .......... .......... .......... .......... .......... 23,0M
 21250K .......... .......... .......... .......... .......... 25,4M
 21300K .......... .......... .......... .......... ..........  128M
 21350K .......... .......... .......... .......... .......... 29,5M
 21400K .......... .......... .......... .......... .......... 16,8M
 21450K .......... .......... .......... .......... .......... 31,9M
 21500K .......... .......... .......... .......... .......... 92,9M
 21550K .......... .......... .......... .......... .......... 29,3M
 21600K .......... .......... .......... .......... .......... 26,3M
 21650K .......... .......... .......... .......... .......... 17,5M
 21700K .......... .......... .......... .......... .......... 27,8M
 21750K .......... .......... .......... .......... ..........  181M
 21800K .......... .......... .......... .......... .......... 25,7M
 21850K .......... .......... .......... .......... .......... 24,2M
 21900K .......... .......... .......... .......... .......... 15,9M
 21950K .......... .......... .......... .......... .......... 93,7M
 22000K .......... .......... .......... .......... .......... 28,7M
 22050K .......... .......... .......... .......... ..........  112M
 22100K .......... .......... .......... .......... .......... 32,8M
 22150K .......... .......... .......... .......... .......... 29,3M
 22200K .......... .......... .......... .......... .......... 20,6M
 22250K .......... .......... .......... .......... .......... 27,7M
 22300K .......... .......... .......... .......... ..........  279M
 22350K .......... .......... .......... .......... .......... 20,1M
 22400K .......... .......... .......... .......... .......... 29,1M
 22450K .......... .......... .......... .......... .......... 23,6M
 22500K .......... .......... .......... .......... ..........  107M
 22550K .......... .......... .......... .......... .......... 27,3M
 22600K .......... .......... .......... .......... .......... 24,2M
 22650K .......... .......... .......... .......... .......... 26,5M
 22700K .......... .......... .......... .......... .......... 23,9M
 22750K .......... .......... .......... .......... ..........  181M
 22800K .......... .......... .......... .......... .......... 18,8M
 22850K .......... .......... .......... .......... .......... 21,5M
 22900K .......... .......... .......... .......... ..........  214M
 22950K .......... .......... .......... .......... .......... 14,2M
 23000K .......... .......... .......... .......... .......... 17,0M
 23050K .......... .......... .......... .......... .......... 17,5M
 23100K .......... .......... .......... .......... ..........  159M
 23150K .......... .......... .......... .......... .......... 28,0M
 23200K .......... .......... .......... .......... .......... 16,9M
 23250K .......... .......... .......... .......... ..........  210M
 23300K .......... .......... .......... .......... .......... 22,4M
 23350K .......... .......... .......... .......... .......... 20,1M
 23400K .......... .......... .......... .......... ..........  134M
 23450K .......... .......... .......... .......... .......... 25,8M
 23500K .......... .......... .......... .......... .......... 7,01M
 23550K .......... .......... .......... .......... .......... 23,2M
 23600K .......... .......... .......... .......... .......... 9,30M
 23650K .......... .......... .......... .......... ..........  132M
 23700K .......... .......... .......... .......... .......... 4,44M
 23750K .......... .......... .......... .......... .......... 94,3M
 23800K .......... .......... .......... .......... .......... 19,9M
 23850K ...                                                    42,2M=1,0s

2021-06-05 15:51:34 (22,5 MB/s) - »OWID.csv« gespeichert [24425707]

