--2021-06-05 15:52:24--  https://www.intensivregister.de/api/public/intensivregister
Auflösen des Hostnamens www.intensivregister.de (www.intensivregister.de) … 51.138.51.109
Verbindungsaufbau zu www.intensivregister.de (www.intensivregister.de)|51.138.51.109|:443 … verbunden.
HTTP-Anforderung gesendet, auf Antwort wird gewartet … 200 
Länge: nicht spezifiziert [application/json]
Wird in »DIVI.json« gespeichert.

     0K .......... .......... .......... .......... .......... 1,72M
    50K .......... .......... .......... .......... .......... 3,66M
   100K .......... .......... .......... .......... .......... 18,7M
   150K .......... .......... .......... .......... .......... 31,1M
   200K .......... .......... .......... .......... .......... 2,93M
   250K .......... .......... .......... .......... .......... 62,7M
   300K .......... .......... .......... .......... .......... 12,7M
   350K .......... .......... .......... .......... .......... 45,4M
   400K .......... .......... .......... .......... .......... 5,07M
   450K .......... .......... .......... .......... .......... 22,3M
   500K .......... .......... .......... .......... .......... 18,3M
   550K .......... .......... .......... .......... .......... 22,4M
   600K .......... .......... .......... .......... .......... 14,6M
   650K .......... .......... .......... .......... .......... 22,8M
   700K .......... .......... .......... .......... .......... 16,7M
   750K .......... .......... .......... .......... .......... 16,1M
   800K .......... .......... .......... .......... .......... 17,3M
   850K .......... .......... .......... .......... .......... 15,2M
   900K .......... .......... .......... .......... .......... 18,1M
   950K .......... .......... .......... .......... .......... 44,1M
  1000K .......... .......... .......... .......... .......... 12,9M
  1050K .......... .......... .......... .......... .......... 77,3M
  1100K .......... .......... .......... .......... .......... 31,6M
  1150K .......... .......... .......... .......... .......... 10,7M
  1200K .......... .......... .                                91,1M=0,1s

2021-06-05 15:52:24 (10,2 MB/s) - »DIVI.json« gespeichert [1250378]

